<?xml version="1.0" encoding="UTF-8"?>
<testsuite xmlns:xsi="http://www.w3.org/2001/XMLSchema-instance" xsi:noNamespaceSchemaLocation="https://maven.apache.org/surefire/maven-surefire-plugin/xsd/surefire-test-report-3.0.xsd" version="3.0" name="com.example.demoauth.DemoauthApplicationTests" time="8.298" tests="1" errors="0" skipped="0" failures="0">
  <properties>
[...]
</properties>
  <testcase name="contextLoads" classname="com.example.demoauth.DemoauthApplicationTests" time="0.344">
    <system-out><![CDATA[10:44:42.267 [main] DEBUG org.springframework.test.context.BootstrapUtils - Instantiating CacheAwareContextLoaderDelegate from class [org.springframework.test.context.cache.DefaultCacheAwareContextLoaderDelegate]
10:44:42.283 [main] DEBUG org.springframework.test.context.BootstrapUtils - Instantiating BootstrapContext using constructor [public org.springframework.test.context.support.DefaultBootstrapContext(java.lang.Class,org.springframework.test.context.CacheAwareContextLoaderDelegate)]
10:44:42.329 [main] DEBUG org.springframework.test.context.BootstrapUtils - Instantiating TestContextBootstrapper for test class [com.example.demoauth.DemoauthApplicationTests] from class [org.springframework.boot.test.context.SpringBootTestContextBootstrapper]
10:44:42.345 [main] INFO org.springframework.boot.test.context.SpringBootTestContextBootstrapper - Neither @ContextConfiguration nor @ContextHierarchy found for test class [com.example.demoauth.DemoauthApplicationTests], using SpringBootContextLoader
10:44:42.361 [main] DEBUG org.springframework.test.context.support.AbstractContextLoader - Did not detect default resource location for test class [com.example.demoauth.DemoauthApplicationTests]: class path resource [com/example/demoauth/DemoauthApplicationTests-context.xml] does not exist
10:44:42.361 [main] DEBUG org.springframework.test.context.support.AbstractContextLoader - Did not detect default resource location for test class [com.example.demoauth.DemoauthApplicationTests]: class path resource [com/example/demoauth/DemoauthApplicationTestsContext.groovy] does not exist
10:44:42.361 [main] INFO org.springframework.test.context.support.AbstractContextLoader - Could not detect default resource locations for test class [com.example.demoauth.DemoauthApplicationTests]: no resource found for suffixes {-context.xml, Context.groovy}.
10:44:42.361 [main] INFO org.springframework.test.context.support.AnnotationConfigContextLoaderUtils - Could not detect default configuration classes for test class [com.example.demoauth.DemoauthApplicationTests]: DemoauthApplicationTests does not declare any static, non-private, non-final, nested classes annotated with @Configuration.
10:44:42.454 [main] DEBUG org.springframework.test.context.support.ActiveProfilesUtils - Could not find an 'annotation declaring class' for annotation type [org.springframework.test.context.ActiveProfiles] and class [com.example.demoauth.DemoauthApplicationTests]
10:44:42.595 [main] DEBUG org.springframework.context.annotation.ClassPathScanningCandidateComponentProvider - Identified candidate component class: file [D:\GoIT_Java_Online_3\--==JavaDev3_Part_2==--\spring-jwt-realization_test\spring-jwt-realization\target\classes\com\example\demoauth\DemoauthApplication.class]
10:44:42.595 [main] INFO org.springframework.boot.test.context.SpringBootTestContextBootstrapper - Found @SpringBootConfiguration com.example.demoauth.DemoauthApplication for test class com.example.demoauth.DemoauthApplicationTests
10:44:42.719 [main] DEBUG org.springframework.boot.test.context.SpringBootTestContextBootstrapper - @TestExecutionListeners is not present for class [com.example.demoauth.DemoauthApplicationTests]: using defaults.
10:44:42.719 [main] INFO org.springframework.boot.test.context.SpringBootTestContextBootstrapper - Loaded default TestExecutionListener class names from location [META-INF/spring.factories]: [org.springframework.boot.test.mock.mockito.MockitoTestExecutionListener, org.springframework.boot.test.mock.mockito.ResetMocksTestExecutionListener, org.springframework.boot.test.autoconfigure.restdocs.RestDocsTestExecutionListener, org.springframework.boot.test.autoconfigure.web.client.MockRestServiceServerResetTestExecutionListener, org.springframework.boot.test.autoconfigure.web.servlet.MockMvcPrintOnlyOnFailureTestExecutionListener, org.springframework.boot.test.autoconfigure.web.servlet.WebDriverTestExecutionListener, org.springframework.boot.test.autoconfigure.webservices.client.MockWebServiceServerTestExecutionListener, org.springframework.test.context.web.ServletTestExecutionListener, org.springframework.test.context.support.DirtiesContextBeforeModesTestExecutionListener, org.springframework.test.context.event.ApplicationEventsTestExecutionListener, org.springframework.test.context.support.DependencyInjectionTestExecutionListener, org.springframework.test.context.support.DirtiesContextTestExecutionListener, org.springframework.test.context.transaction.TransactionalTestExecutionListener, org.springframework.test.context.jdbc.SqlScriptsTestExecutionListener, org.springframework.test.context.event.EventPublishingTestExecutionListener, org.springframework.security.test.context.support.WithSecurityContextTestExecutionListener, org.springframework.security.test.context.support.ReactorContextTestExecutionListener]
10:44:42.750 [main] INFO org.springframework.boot.test.context.SpringBootTestContextBootstrapper - Using TestExecutionListeners: [org.springframework.test.context.web.ServletTestExecutionListener@4f9a2c08, org.springframework.test.context.support.DirtiesContextBeforeModesTestExecutionListener@a87f8ec, org.springframework.test.context.event.ApplicationEventsTestExecutionListener@5443d039, org.springframework.boot.test.mock.mockito.MockitoTestExecutionListener@63787180, org.springframework.boot.test.autoconfigure.SpringBootDependencyInjectionTestExecutionListener@7d1cfb8b, org.springframework.test.context.support.DirtiesContextTestExecutionListener@48e92c5c, org.springframework.test.context.transaction.TransactionalTestExecutionListener@2e1ef60, org.springframework.test.context.jdbc.SqlScriptsTestExecutionListener@22356acd, org.springframework.test.context.event.EventPublishingTestExecutionListener@386f0da3, org.springframework.security.test.context.support.WithSecurityContextTestExecutionListener@39655d3e, org.springframework.security.test.context.support.ReactorContextTestExecutionListener@34f22f9d, org.springframework.boot.test.mock.mockito.ResetMocksTestExecutionListener@3d1848cc, org.springframework.boot.test.autoconfigure.restdocs.RestDocsTestExecutionListener@7dda48d9, org.springframework.boot.test.autoconfigure.web.client.MockRestServiceServerResetTestExecutionListener@6e4566f1, org.springframework.boot.test.autoconfigure.web.servlet.MockMvcPrintOnlyOnFailureTestExecutionListener@4b6e2263, org.springframework.boot.test.autoconfigure.web.servlet.WebDriverTestExecutionListener@344f4dea, org.springframework.boot.test.autoconfigure.webservices.client.MockWebServiceServerTestExecutionListener@1b7c473a]
10:44:42.766 [main] DEBUG org.springframework.test.context.support.AbstractDirtiesContextTestExecutionListener - Before test class: context [DefaultTestContext@7803bfd testClass = DemoauthApplicationTests, testInstance = [null], testMethod = [null], testException = [null], mergedContextConfiguration = [WebMergedContextConfiguration@42bc14c1 testClass = DemoauthApplicationTests, locations = '{}', classes = '{class com.example.demoauth.DemoauthApplication}', contextInitializerClasses = '[]', activeProfiles = '{}', propertySourceLocations = '{}', propertySourceProperties = '{org.springframework.boot.test.context.SpringBootTestContextBootstrapper=true}', contextCustomizers = set[org.springframework.boot.test.context.filter.ExcludeFilterContextCustomizer@4686afc2, org.springframework.boot.test.json.DuplicateJsonObjectContextCustomizerFactory$DuplicateJsonObjectContextCustomizer@f09733f, org.springframework.boot.test.mock.mockito.MockitoContextCustomizer@0, org.springframework.boot.test.web.client.TestRestTemplateContextCustomizer@2e385cce, org.springframework.boot.test.autoconfigure.actuate.metrics.MetricsExportContextCustomizerFactory$DisableMetricExportContextCustomizer@1ed4ae0f, org.springframework.boot.test.autoconfigure.properties.PropertyMappingContextCustomizer@0, org.springframework.boot.test.autoconfigure.web.servlet.WebDriverContextCustomizerFactory$Customizer@3b0fe47a, org.springframework.boot.test.context.SpringBootTestArgs@1, org.springframework.boot.test.context.SpringBootTestWebEnvironment@281e3708], resourceBasePath = 'src/main/webapp', contextLoader = 'org.springframework.boot.test.context.SpringBootContextLoader', parent = [null]], attributes = map['org.springframework.test.context.web.ServletTestExecutionListener.activateListener' -> true]], class annotated with @DirtiesContext [false] with mode [null].

  .   ____          _            __ _ _
 /\\ / ___'_ __ _ _(_)_ __  __ _ \ \ \ \
( ( )\___ | '_ | '_| | '_ \/ _` | \ \ \ \
 \\/  ___)| |_)| | | | | || (_| |  ) ) ) )
  '  |____| .__|_| |_|_| |_\__, | / / / /
 =========|_|==============|___/=/_/_/_/
 :: Spring Boot ::                (v2.7.1)

2022-07-03 10:44:43.261  INFO 13412 --- [           main] c.e.demoauth.DemoauthApplicationTests    : Starting DemoauthApplicationTests using Java 16.0.1 on DESKTOP-SS25S6B with PID 13412 (started by Tanya-PC in D:\GoIT_Java_Online_3\--==JavaDev3_Part_2==--\spring-jwt-realization_test\spring-jwt-realization)
2022-07-03 10:44:43.261  INFO 13412 --- [           main] c.e.demoauth.DemoauthApplicationTests    : No active profile set, falling back to 1 default profile: "default"
2022-07-03 10:44:44.382  INFO 13412 --- [           main] .s.d.r.c.RepositoryConfigurationDelegate : Bootstrapping Spring Data JPA repositories in DEFAULT mode.
2022-07-03 10:44:44.476  INFO 13412 --- [           main] .s.d.r.c.RepositoryConfigurationDelegate : Finished Spring Data repository scanning in 74 ms. Found 2 JPA repository interfaces.
2022-07-03 10:44:45.510  INFO 13412 --- [           main] o.f.c.internal.license.VersionPrinter    : Flyway Community Edition 8.5.13 by Redgate
2022-07-03 10:44:45.510  INFO 13412 --- [           main] o.f.c.internal.license.VersionPrinter    : See what's new here: https://flywaydb.org/documentation/learnmore/releaseNotes#8.5.13
2022-07-03 10:44:45.510  INFO 13412 --- [           main] o.f.c.internal.license.VersionPrinter    : 
2022-07-03 10:44:45.510  INFO 13412 --- [           main] com.zaxxer.hikari.HikariDataSource       : HikariPool-1 - Starting...
2022-07-03 10:44:45.848  INFO 13412 --- [           main] com.zaxxer.hikari.HikariDataSource       : HikariPool-1 - Start completed.
2022-07-03 10:44:45.864  INFO 13412 --- [           main] o.f.c.i.database.base.BaseDatabaseType   : Database: jdbc:postgresql://localhost:5432/postgres (PostgreSQL 14.0)
2022-07-03 10:44:45.895  INFO 13412 --- [           main] o.f.core.internal.command.DbValidate     : Successfully validated 0 migrations (execution time 00:00.012s)
2022-07-03 10:44:45.895  WARN 13412 --- [           main] o.f.core.internal.command.DbValidate     : No migrations found. Are your locations set up correctly?
2022-07-03 10:44:45.911  INFO 13412 --- [           main] o.f.core.internal.command.DbMigrate      : Current version of schema "public": << Empty Schema >>
2022-07-03 10:44:45.911  INFO 13412 --- [           main] o.f.core.internal.command.DbMigrate      : Schema "public" is up to date. No migration necessary.
2022-07-03 10:44:46.223  INFO 13412 --- [           main] o.hibernate.jpa.internal.util.LogHelper  : HHH000204: Processing PersistenceUnitInfo [name: default]
2022-07-03 10:44:46.317  INFO 13412 --- [           main] org.hibernate.Version                    : HHH000412: Hibernate ORM core version 5.6.9.Final
2022-07-03 10:44:46.732  INFO 13412 --- [           main] o.hibernate.annotations.common.Version   : HCANN000001: Hibernate Commons Annotations {5.1.2.Final}
2022-07-03 10:44:46.873  INFO 13412 --- [           main] org.hibernate.dialect.Dialect            : HHH000400: Using dialect: org.hibernate.dialect.PostgreSQLDialect
2022-07-03 10:44:47.748  INFO 13412 --- [           main] o.h.e.t.j.p.i.JtaPlatformInitiator       : HHH000490: Using JtaPlatform implementation: [org.hibernate.engine.transaction.jta.platform.internal.NoJtaPlatform]
2022-07-03 10:44:47.748  INFO 13412 --- [           main] j.LocalContainerEntityManagerFactoryBean : Initialized JPA EntityManagerFactory for persistence unit 'default'
2022-07-03 10:44:47.841  WARN 13412 --- [           main] JpaBaseConfiguration$JpaWebConfiguration : spring.jpa.open-in-view is enabled by default. Therefore, database queries may be performed during view rendering. Explicitly configure spring.jpa.open-in-view to disable this warning
2022-07-03 10:44:49.456  INFO 13412 --- [           main] o.s.s.web.DefaultSecurityFilterChain     : Will secure any request with [org.springframework.security.web.session.DisableEncodeUrlFilter@10466c55, org.springframework.security.web.context.request.async.WebAsyncManagerIntegrationFilter@2a5ed225, org.springframework.security.web.context.SecurityContextPersistenceFilter@10820978, org.springframework.security.web.header.HeaderWriterFilter@326dbe25, org.springframework.web.filter.CorsFilter@2a525f88, org.springframework.security.web.authentication.logout.LogoutFilter@187df588, com.example.demoauth.configs.jwt.AuthTokenFilter@67d8613, org.springframework.security.web.savedrequest.RequestCacheAwareFilter@c247363, org.springframework.security.web.servletapi.SecurityContextHolderAwareRequestFilter@e88e14, org.springframework.security.web.authentication.AnonymousAuthenticationFilter@1cf4d454, org.springframework.security.web.session.SessionManagementFilter@66d6e50b, org.springframework.security.web.access.ExceptionTranslationFilter@1e836aed, org.springframework.security.web.access.intercept.FilterSecurityInterceptor@c67a89]
2022-07-03 10:44:50.081  INFO 13412 --- [           main] c.e.demoauth.DemoauthApplicationTests    : Started DemoauthApplicationTests in 7.247 seconds (JVM running for 8.778)
]]></system-out>
  </testcase>
</testsuite>